{
  "RSpec": {
    "coverage": {
      "/Users/lemonfacade/ruby/rails/tom-kane-art/spec/controllers/charges_controller_spec.rb": [
        1,
        null,
        1,
        null,
        null
      ],
      "/Users/lemonfacade/ruby/rails/tom-kane-art/spec/rails_helper.rb": [
        null,
        1,
        1,
        1,
        null,
        1,
        1,
        1,
        1,
        null,
        null,
        null,
        null,
        null,
        null,
        null,
        null,
        null,
        null,
        null,
        null,
        null,
        null,
        null,
        null,
        null,
        null,
        null,
        null,
        1,
        null,
        1,
        null,
        1,
        null,
        null,
        null,
        null,
        1,
        null,
        null,
        null,
        null,
        null,
        null,
        null,
        null,
        null,
        null,
        null,
        null,
        null,
        null,
        1,
        null,
        null,
        1,
        null,
        null,
        null,
        null,
        1,
        1,
        1,
        1,
        null,
        null,
        null,
        null,
        1,
        1,
        null
      ],
      "/Users/lemonfacade/ruby/rails/tom-kane-art/config/environment.rb": [
        null,
        1,
        null,
        null,
        1
      ],
      "/Users/lemonfacade/ruby/rails/tom-kane-art/config/application.rb": [
        1,
        null,
        1,
        null,
        null,
        null,
        1,
        null,
        1,
        1,
        null,
        1,
        null,
        1,
        1,
        null,
        null,
        null,
        null,
        null,
        null
      ],
      "/Users/lemonfacade/ruby/rails/tom-kane-art/config/boot.rb": [
        1,
        null,
        1
      ],
      "/Users/lemonfacade/ruby/rails/tom-kane-art/config/spring.rb": [
        null,
        null,
        null,
        null,
        null,
        5
      ],
      "/Users/lemonfacade/ruby/rails/tom-kane-art/config/environments/test.rb": [
        1,
        null,
        null,
        null,
        null,
        null,
        null,
        1,
        null,
        null,
        null,
        null,
        1,
        null,
        null,
        1,
        1,
        null,
        null,
        null,
        null,
        1,
        1,
        null,
        null,
        1,
        null,
        null,
        1,
        1,
        null,
        null,
        null,
        null,
        1,
        null,
        null,
        1,
        null,
        null,
        null,
        null
      ],
      "/Users/lemonfacade/ruby/rails/tom-kane-art/config/initializers/application_controller_renderer.rb": [
        null,
        null,
        null,
        null,
        null,
        null
      ],
      "/Users/lemonfacade/ruby/rails/tom-kane-art/config/initializers/assets.rb": [
        null,
        null,
        null,
        1,
        null,
        null,
        null,
        null,
        1,
        null,
        null,
        null,
        null,
        null
      ],
      "/Users/lemonfacade/ruby/rails/tom-kane-art/config/initializers/backtrace_silencers.rb": [
        null,
        null,
        null,
        null,
        null,
        null,
        null
      ],
      "/Users/lemonfacade/ruby/rails/tom-kane-art/config/initializers/cookies_serializer.rb": [
        null,
        null,
        null,
        null,
        1
      ],
      "/Users/lemonfacade/ruby/rails/tom-kane-art/config/initializers/devise.rb": [
        null,
        null,
        1,
        null,
        null,
        null,
        null,
        null,
        null,
        null,
        null,
        null,
        null,
        null,
        1,
        null,
        null,
        null,
        null,
        null,
        null,
        null,
        null,
        null,
        null,
        null,
        1,
        null,
        null,
        null,
        null,
        null,
        null,
        null,
        null,
        null,
        null,
        null,
        null,
        null,
        null,
        null,
        null,
        null,
        null,
        null,
        null,
        null,
        1,
        null,
        null,
        null,
        null,
        1,
        null,
        null,
        null,
        null,
        null,
        null,
        null,
        null,
        null,
        null,
        null,
        null,
        null,
        null,
        null,
        null,
        null,
        null,
        null,
        null,
        null,
        null,
        null,
        null,
        null,
        null,
        null,
        null,
        null,
        null,
        1,
        null,
        null,
        null,
        null,
        null,
        null,
        null,
        null,
        null,
        null,
        null,
        null,
        null,
        null,
        null,
        null,
        null,
        null,
        null,
        null,
        null,
        null,
        1,
        null,
        null,
        null,
        null,
        null,
        null,
        null,
        null,
        null,
        null,
        null,
        null,
        null,
        null,
        null,
        null,
        null,
        null,
        null,
        null,
        null,
        null,
        null,
        null,
        null,
        null,
        null,
        null,
        null,
        null,
        1,
        null,
        null,
        null,
        null,
        null,
        null,
        null,
        null,
        null,
        1,
        null,
        null,
        null,
        null,
        null,
        null,
        null,
        null,
        null,
        null,
        1,
        null,
        null,
        null,
        null,
        1,
        null,
        null,
        null,
        null,
        null,
        null,
        null,
        null,
        null,
        null,
        null,
        null,
        null,
        null,
        null,
        null,
        null,
        null,
        null,
        null,
        null,
        null,
        null,
        null,
        null,
        null,
        null,
        null,
        null,
        null,
        null,
        null,
        null,
        null,
        null,
        null,
        null,
        null,
        null,
        null,
        1,
        null,
        null,
        null,
        null,
        null,
        null,
        null,
        null,
        null,
        null,
        null,
        null,
        null,
        null,
        null,
        null,
        null,
        null,
        null,
        null,
        null,
        null,
        null,
        null,
        null,
        null,
        null,
        null,
        null,
        null,
        null,
        null,
        null,
        null,
        null,
        null,
        null,
        null,
        null,
        null,
        null,
        1,
        null,
        null,
        null,
        null,
        null,
        null,
        null,
        null,
        null,
        null,
        null,
        null,
        null,
        null,
        null,
        null,
        null,
        null,
        null,
        null,
        null,
        null,
        null,
        null,
        null,
        null,
        null,
        null,
        null
      ],
      "/Users/lemonfacade/ruby/rails/tom-kane-art/config/initializers/filter_parameter_logging.rb": [
        null,
        null,
        null,
        1
      ],
      "/Users/lemonfacade/ruby/rails/tom-kane-art/config/initializers/inflections.rb": [
        null,
        null,
        null,
        null,
        null,
        null,
        null,
        null,
        null,
        null,
        null,
        null,
        null,
        null,
        null,
        null
      ],
      "/Users/lemonfacade/ruby/rails/tom-kane-art/config/initializers/mime_types.rb": [
        null,
        null,
        null,
        null
      ],
      "/Users/lemonfacade/ruby/rails/tom-kane-art/config/initializers/stripe.rb": [
        1,
        null,
        null,
        null,
        null,
        1
      ],
      "/Users/lemonfacade/ruby/rails/tom-kane-art/config/initializers/wrap_parameters.rb": [
        null,
        null,
        null,
        null,
        null,
        null,
        1,
        2,
        null,
        null,
        null,
        null,
        null,
        null
      ],
      "/Users/lemonfacade/ruby/rails/tom-kane-art/config/routes.rb": [
        1,
        null,
        1,
        null,
        1,
        null,
        1,
        1,
        1,
        1,
        1,
        null,
        1,
        null,
        null,
        1,
        1,
        null,
        1,
        null,
        1,
        1,
        null,
        null
      ],
      "/Users/lemonfacade/ruby/rails/tom-kane-art/app/models/admin.rb": [
        1,
        null,
        null,
        1,
        null,
        null
      ],
      "/Users/lemonfacade/ruby/rails/tom-kane-art/app/models/application_record.rb": [
        1,
        1,
        null
      ],
      "/Users/lemonfacade/ruby/rails/tom-kane-art/app/controllers/application_controller.rb": [
        1,
        1,
        1,
        1,
        null,
        1,
        1,
        0,
        null,
        1,
        null,
        null,
        null,
        null,
        1,
        0,
        null,
        null,
        1,
        0,
        null,
        null
      ],
      "/Users/lemonfacade/ruby/rails/tom-kane-art/app/helpers/application_helper.rb": [
        1,
        null
      ],
      "/Users/lemonfacade/ruby/rails/tom-kane-art/app/helpers/about_helper.rb": [
        1,
        null
      ],
      "/Users/lemonfacade/ruby/rails/tom-kane-art/app/helpers/charges_helper.rb": [
        1,
        1,
        0,
        null,
        null
      ],
      "/Users/lemonfacade/ruby/rails/tom-kane-art/app/helpers/contact_helper.rb": [
        1,
        null
      ],
      "/Users/lemonfacade/ruby/rails/tom-kane-art/app/helpers/details_helper.rb": [
        1,
        null
      ],
      "/Users/lemonfacade/ruby/rails/tom-kane-art/app/helpers/home_helper.rb": [
        1,
        null
      ],
      "/Users/lemonfacade/ruby/rails/tom-kane-art/app/helpers/paintings_helper.rb": [
        1,
        null
      ],
      "/Users/lemonfacade/ruby/rails/tom-kane-art/app/helpers/privacy_policy_helper.rb": [
        1,
        null
      ],
      "/Users/lemonfacade/ruby/rails/tom-kane-art/app/channels/application_cable/channel.rb": [
        1,
        1,
        null,
        null
      ],
      "/Users/lemonfacade/ruby/rails/tom-kane-art/app/channels/application_cable/connection.rb": [
        1,
        1,
        null,
        null
      ],
      "/Users/lemonfacade/ruby/rails/tom-kane-art/app/controllers/about_controller.rb": [
        1,
        1,
        null,
        null
      ],
      "/Users/lemonfacade/ruby/rails/tom-kane-art/app/controllers/carts_controller.rb": [
        1,
        null,
        1,
        0,
        0,
        null,
        null
      ],
      "/Users/lemonfacade/ruby/rails/tom-kane-art/app/controllers/charges_controller.rb": [
        1,
        1,
        1,
        null,
        1,
        0,
        0,
        null,
        null,
        1,
        0,
        0,
        0,
        0,
        0,
        null,
        0,
        null,
        null,
        null,
        1,
        0,
        0,
        null,
        null,
        1,
        0,
        null,
        null,
        null,
        null,
        0,
        null,
        null,
        null,
        null,
        null,
        0,
        null,
        null,
        0,
        0,
        null,
        null,
        1,
        null,
        null,
        1,
        1,
        0,
        null,
        null,
        1,
        0,
        null,
        null,
        1,
        0,
        null,
        null,
        null,
        null,
        null,
        null,
        null,
        null,
        null,
        null,
        null,
        null,
        null
      ],
      "/Users/lemonfacade/ruby/rails/tom-kane-art/app/controllers/contact_controller.rb": [
        1,
        1,
        null,
        null
      ],
      "/Users/lemonfacade/ruby/rails/tom-kane-art/app/controllers/details_controller.rb": [
        1,
        1,
        0,
        null,
        null,
        1,
        1,
        1,
        1,
        null,
        null
      ],
      "/Users/lemonfacade/ruby/rails/tom-kane-art/app/controllers/home_controller.rb": [
        1,
        1,
        10,
        10,
        null,
        null
      ],
      "/Users/lemonfacade/ruby/rails/tom-kane-art/app/controllers/messages_controller.rb": [
        1,
        1,
        3,
        null,
        null,
        1,
        0,
        null,
        0,
        0,
        0,
        null,
        0,
        null,
        null,
        null,
        null,
        1,
        null,
        1,
        0,
        null,
        null
      ],
      "/Users/lemonfacade/ruby/rails/tom-kane-art/app/controllers/order_items_controller.rb": [
        1,
        null,
        1,
        0,
        0,
        0,
        0,
        0,
        null,
        null,
        1,
        0,
        0,
        0,
        0,
        0,
        null,
        null,
        1,
        null,
        1,
        0,
        null,
        null
      ],
      "/Users/lemonfacade/ruby/rails/tom-kane-art/app/controllers/paintings_controller.rb": [
        1,
        1,
        1,
        null,
        null,
        null,
        1,
        0,
        null,
        null,
        null,
        null,
        1,
        null,
        null,
        null,
        1,
        0,
        null,
        null,
        null,
        1,
        null,
        null,
        null,
        null,
        1,
        0,
        null,
        0,
        0,
        0,
        0,
        null,
        0,
        0,
        null,
        null,
        null,
        null,
        null,
        null,
        1,
        0,
        0,
        0,
        0,
        null,
        0,
        0,
        null,
        null,
        null,
        null,
        null,
        null,
        1,
        0,
        0,
        0,
        0,
        null,
        null,
        null,
        1,
        null,
        1,
        0,
        null,
        null,
        null,
        1,
        0,
        null,
        null
      ],
      "/Users/lemonfacade/ruby/rails/tom-kane-art/app/controllers/privacy_policy_controller.rb": [
        1,
        null
      ],
      "/Users/lemonfacade/ruby/rails/tom-kane-art/app/jobs/application_job.rb": [
        1,
        null
      ],
      "/Users/lemonfacade/ruby/rails/tom-kane-art/app/mailers/application_mailer.rb": [
        1,
        1,
        1,
        null
      ],
      "/Users/lemonfacade/ruby/rails/tom-kane-art/app/mailers/message_mailer.rb": [
        1,
        null,
        null,
        null,
        null,
        null,
        null,
        1,
        0,
        null,
        0,
        null,
        null
      ],
      "/Users/lemonfacade/ruby/rails/tom-kane-art/app/models/charge.rb": [
        1,
        1,
        null
      ],
      "/Users/lemonfacade/ruby/rails/tom-kane-art/app/models/concerns/stripe_tool.rb": [
        1,
        1,
        0,
        null,
        null,
        null,
        null,
        null,
        1,
        0,
        null,
        null,
        null,
        null,
        null,
        null,
        null
      ],
      "/Users/lemonfacade/ruby/rails/tom-kane-art/app/models/message.rb": [
        1,
        1,
        1,
        1,
        null
      ],
      "/Users/lemonfacade/ruby/rails/tom-kane-art/app/models/order.rb": [
        1,
        1,
        1,
        null,
        1,
        1,
        null,
        1,
        0,
        null,
        null,
        1,
        null,
        1,
        0,
        0,
        null,
        null,
        null,
        1,
        0,
        null,
        null
      ],
      "/Users/lemonfacade/ruby/rails/tom-kane-art/app/models/order_item.rb": [
        1,
        1,
        1,
        null
      ],
      "/Users/lemonfacade/ruby/rails/tom-kane-art/app/models/painting.rb": [
        1,
        1,
        1,
        1,
        1,
        null,
        1,
        6,
        null,
        null,
        1,
        1,
        6,
        5,
        null,
        5,
        5,
        5,
        null,
        null
      ],
      "/Users/lemonfacade/ruby/rails/tom-kane-art/spec/factories.rb": [
        1,
        1,
        null,
        null,
        1,
        null,
        null,
        1,
        1,
        1,
        1,
        1,
        1,
        1,
        1,
        1,
        1,
        1,
        null,
        null
      ],
      "/Users/lemonfacade/ruby/rails/tom-kane-art/spec/features/about_pages_spec.rb": [
        1,
        null,
        1,
        null,
        1,
        1,
        1,
        1,
        null,
        null,
        1,
        1,
        1,
        1,
        null,
        null,
        1,
        1,
        1,
        1,
        null,
        null,
        1,
        1,
        1,
        1,
        1,
        null,
        null,
        1,
        1,
        1,
        1,
        1,
        null,
        null,
        1,
        1,
        1,
        1,
        1,
        null,
        null
      ],
      "/Users/lemonfacade/ruby/rails/tom-kane-art/spec/features/add_painting_pages_spec.rb": [
        1
      ],
      "/Users/lemonfacade/ruby/rails/tom-kane-art/spec/features/contact_pages_spec.rb": [
        1
      ],
      "/Users/lemonfacade/ruby/rails/tom-kane-art/spec/features/gallery_pages_spec.rb": [
        1,
        null,
        1,
        1,
        1,
        1,
        1,
        1,
        null,
        null,
        1,
        1,
        1,
        1,
        null,
        null,
        1,
        1,
        1,
        1,
        null,
        null,
        1,
        1,
        1,
        1,
        null,
        null,
        1,
        1,
        1,
        1,
        1,
        null,
        null,
        1,
        1,
        1,
        1,
        1,
        null,
        null,
        1,
        1,
        1,
        1,
        1,
        null,
        null
      ],
      "/Users/lemonfacade/ruby/rails/tom-kane-art/spec/features/privacy_policy_pages_spec.rb": [
        1,
        null,
        1,
        null,
        1,
        1,
        1,
        1,
        null,
        null,
        1,
        1,
        1,
        1,
        null,
        null,
        1,
        1,
        1,
        1,
        null,
        null,
        1,
        1,
        1,
        1,
        1,
        null,
        null,
        1,
        1,
        1,
        1,
        1,
        null,
        null,
        1,
        1,
        1,
        1,
        1,
        null,
        null
      ],
      "/Users/lemonfacade/ruby/rails/tom-kane-art/spec/helpers/charges_helper_spec.rb": [
        1,
        null,
        null,
        null,
        null,
        null,
        null,
        null,
        null,
        null,
        null,
        null,
        1,
        1,
        null
      ],
      "/Users/lemonfacade/ruby/rails/tom-kane-art/spec/models/admin_spec.rb": [
        1,
        null,
        1,
        1,
        null
      ],
      "/Users/lemonfacade/ruby/rails/tom-kane-art/spec/models/charge_spec.rb": [
        1,
        null,
        1,
        2,
        null
      ],
      "/Users/lemonfacade/ruby/rails/tom-kane-art/spec/models/order_spec.rb": [
        1,
        null,
        1,
        2,
        null,
        null
      ],
      "/Users/lemonfacade/ruby/rails/tom-kane-art/spec/models/painting_spec.rb": [
        1,
        null,
        1,
        2,
        2,
        2,
        2,
        2,
        2,
        2,
        null,
        1,
        1,
        1,
        null,
        null,
        null,
        null,
        null,
        null,
        null,
        null,
        1,
        1,
        null,
        null,
        null,
        null,
        null,
        null,
        null,
        null,
        1,
        1,
        null,
        null,
        null,
        null,
        null,
        null,
        null,
        null,
        1,
        1,
        null,
        null,
        null,
        null,
        null,
        null,
        null,
        null,
        null,
        1,
        1,
        1,
        null,
        null,
        1,
        1,
        null,
        null,
        1,
        1,
        null,
        null,
        1,
        1,
        null,
        null,
        null,
        null,
        null
      ]
    },
    "timestamp": 1500243445
  }
}
